<?xml version="1.0" encoding="utf-8"?><testsuites name="pytest tests"><testsuite name="pytest" errors="0" failures="1" skipped="0" tests="23" time="20.248" timestamp="2026-02-11T12:23:28.181832+00:00" hostname="agent-env-b4f39575-ef50-45f4-a856-12f58c46cf1c"><testcase classname="tests.test_afromarket_api.TestHealthAndBasicEndpoints" name="test_health_endpoint" time="0.112" /><testcase classname="tests.test_afromarket_api.TestHealthAndBasicEndpoints" name="test_products_list" time="0.175" /><testcase classname="tests.test_afromarket_api.TestAuthentication" name="test_user_login" time="0.671" /><testcase classname="tests.test_afromarket_api.TestAuthentication" name="test_owner_login" time="0.366" /><testcase classname="tests.test_afromarket_api.TestAuthentication" name="test_auth_me_endpoint" time="0.665" /><testcase classname="tests.test_afromarket_api.TestCartFunctionality" name="test_get_cart" time="1.012" /><testcase classname="tests.test_afromarket_api.TestCartFunctionality" name="test_add_to_cart" time="1.236" /><testcase classname="tests.test_afromarket_api.TestWishlistFunctionality" name="test_get_wishlist" time="0.655" /><testcase classname="tests.test_afromarket_api.TestWishlistFunctionality" name="test_wishlist_toggle" time="3.030" /><testcase classname="tests.test_afromarket_api.TestOwnerDashboard" name="test_owner_dashboard_access" time="1.675" /><testcase classname="tests.test_afromarket_api.TestOwnerDashboard" name="test_owner_stats" time="1.248" /><testcase classname="tests.test_afromarket_api.TestOwnerDashboard" name="test_owner_vendors_list" time="0.612" /><testcase classname="tests.test_afromarket_api.TestOwnerDashboard" name="test_owner_deliveries" time="0.627" /><testcase classname="tests.test_afromarket_api.TestVendorStockManagement" name="test_vendor_dashboard_requires_auth" time="0.007" /><testcase classname="tests.test_afromarket_api.TestVendorStockManagement" name="test_vendor_products_requires_auth" time="0.005" /><testcase classname="tests.test_afromarket_api.TestChatbot" name="test_chatbot_welcome" time="0.109" /><testcase classname="tests.test_afromarket_api.TestChatbot" name="test_chatbot_message" time="7.144" /><testcase classname="tests.test_afromarket_api.TestProductSearch" name="test_search_products" time="0.159" /><testcase classname="tests.test_afromarket_api.TestProductSearch" name="test_category_filter" time="0.452" /><testcase classname="tests.test_afromarket_api.TestDeliveryService" name="test_delivery_calculate" time="0.007"><failure message="AssertionError: assert ('delivery_fee' in {'amount_to_free_delivery': 50.0, 'base_cost': 2.99, 'delivery_cost': 2.99, 'delivery_option': 'Standard Delivery', ...} or 'fee' in {'amount_to_free_delivery': 50.0, 'base_cost': 2.99, 'delivery_cost': 2.99, 'delivery_option': 'Standard Delivery', ...} or 'price' in {'amount_to_free_delivery': 50.0, 'base_cost': 2.99, 'delivery_cost': 2.99, 'delivery_option': 'Standard Delivery', ...})">tests/test_afromarket_api.py:339: in test_delivery_calculate
    assert "delivery_fee" in data or "fee" in data or "price" in data
E   AssertionError: assert ('delivery_fee' in {'amount_to_free_delivery': 50.0, 'base_cost': 2.99, 'delivery_cost': 2.99, 'delivery_option': 'Standard Delivery', ...} or 'fee' in {'amount_to_free_delivery': 50.0, 'base_cost': 2.99, 'delivery_cost': 2.99, 'delivery_option': 'Standard Delivery', ...} or 'price' in {'amount_to_free_delivery': 50.0, 'base_cost': 2.99, 'delivery_cost': 2.99, 'delivery_option': 'Standard Delivery', ...})</failure></testcase><testcase classname="tests.test_afromarket_api.TestDeliveryService" name="test_delivery_zones" time="0.008" /><testcase classname="tests.test_afromarket_api.TestPushNotifications" name="test_vapid_key_endpoint" time="0.048" /><testcase classname="tests.test_afromarket_api.TestVendorNotifications" name="test_notifications_by_email" time="0.136" /></testsuite></testsuites>