<?xml version="1.0" encoding="utf-8"?><testsuites name="pytest tests"><testsuite name="pytest" errors="0" failures="0" skipped="0" tests="31" time="23.120" timestamp="2026-02-11T13:22:21.374736+00:00" hostname="agent-env-b4f39575-ef50-45f4-a856-12f58c46cf1c"><testcase classname="backend.tests.test_critical_flows.TestForgotPasswordFlow" name="test_forgot_password_endpoint_exists" time="1.682" /><testcase classname="backend.tests.test_critical_flows.TestForgotPasswordFlow" name="test_forgot_password_invalid_email_format" time="0.183" /><testcase classname="backend.tests.test_critical_flows.TestForgotPasswordFlow" name="test_forgot_password_nonexistent_email" time="0.434" /><testcase classname="backend.tests.test_critical_flows.TestForgotPasswordFlow" name="test_forgot_password_empty_email" time="0.014" /><testcase classname="backend.tests.test_critical_flows.TestForgotPasswordFlow" name="test_reset_password_endpoint_exists" time="0.206" /><testcase classname="backend.tests.test_critical_flows.TestForgotPasswordFlow" name="test_reset_password_short_password" time="0.008" /><testcase classname="backend.tests.test_critical_flows.TestCartAddFunctionality" name="test_add_to_cart_with_query_params" time="1.866" /><testcase classname="backend.tests.test_critical_flows.TestCartAddFunctionality" name="test_add_to_cart_multiple_quantity" time="1.234" /><testcase classname="backend.tests.test_critical_flows.TestCartAddFunctionality" name="test_get_cart_shows_items" time="1.282" /><testcase classname="backend.tests.test_critical_flows.TestCartAddFunctionality" name="test_cart_requires_auth" time="0.007" /><testcase classname="backend.tests.test_critical_flows.TestUserFlow" name="test_user_login" time="0.408" /><testcase classname="backend.tests.test_critical_flows.TestUserFlow" name="test_browse_products" time="0.235" /><testcase classname="backend.tests.test_critical_flows.TestUserFlow" name="test_product_detail" time="0.607" /><testcase classname="backend.tests.test_critical_flows.TestUserFlow" name="test_update_cart_quantity" time="1.232" /><testcase classname="backend.tests.test_critical_flows.TestUserFlow" name="test_wishlist_toggle" time="1.640" /><testcase classname="backend.tests.test_critical_flows.TestUserFlow" name="test_get_wishlist" time="0.811" /><testcase classname="backend.tests.test_critical_flows.TestUserFlow" name="test_user_profile" time="0.437" /><testcase classname="backend.tests.test_critical_flows.TestOwnerFlow" name="test_owner_login" time="0.406" /><testcase classname="backend.tests.test_critical_flows.TestOwnerFlow" name="test_owner_dashboard_overview" time="1.652" /><testcase classname="backend.tests.test_critical_flows.TestOwnerFlow" name="test_owner_vendors_tab" time="0.610" /><testcase classname="backend.tests.test_critical_flows.TestOwnerFlow" name="test_owner_products_tab" time="0.616" /><testcase classname="backend.tests.test_critical_flows.TestOwnerFlow" name="test_owner_stats" time="1.267" /><testcase classname="backend.tests.test_critical_flows.TestOwnerFlow" name="test_owner_analytics" time="0.806" /><testcase classname="backend.tests.test_critical_flows.TestOwnerFlow" name="test_owner_deliveries_tab" time="0.648" /><testcase classname="backend.tests.test_critical_flows.TestOwnerFlow" name="test_owner_transactions" time="0.614" /><testcase classname="backend.tests.test_critical_flows.TestOwnerFlow" name="test_owner_sales" time="0.654" /><testcase classname="backend.tests.test_critical_flows.TestPageLoadPerformance" name="test_products_page_performance" time="0.313" /><testcase classname="backend.tests.test_critical_flows.TestPageLoadPerformance" name="test_health_endpoint_performance" time="0.010" /><testcase classname="backend.tests.test_critical_flows.TestPageLoadPerformance" name="test_owner_dashboard_performance" time="1.284" /><testcase classname="backend.tests.test_critical_flows.TestCartOperations" name="test_remove_from_cart" time="1.206" /><testcase classname="backend.tests.test_critical_flows.TestCartOperations" name="test_clear_cart" time="0.663" /></testsuite></testsuites>