<?xml version="1.0" encoding="utf-8"?><testsuites name="pytest tests"><testsuite name="pytest" errors="0" failures="0" skipped="0" tests="23" time="17.586" timestamp="2026-02-11T12:51:09.272980+00:00" hostname="agent-env-b4f39575-ef50-45f4-a856-12f58c46cf1c"><testcase classname="test_afromarket_api.TestHealthAndBasicEndpoints" name="test_health_endpoint" time="0.054" /><testcase classname="test_afromarket_api.TestHealthAndBasicEndpoints" name="test_products_list" time="0.175" /><testcase classname="test_afromarket_api.TestAuthentication" name="test_user_login" time="0.674" /><testcase classname="test_afromarket_api.TestAuthentication" name="test_owner_login" time="0.411" /><testcase classname="test_afromarket_api.TestAuthentication" name="test_auth_me_endpoint" time="0.618" /><testcase classname="test_afromarket_api.TestCartFunctionality" name="test_get_cart" time="1.038" /><testcase classname="test_afromarket_api.TestCartFunctionality" name="test_add_to_cart" time="1.235" /><testcase classname="test_afromarket_api.TestWishlistFunctionality" name="test_get_wishlist" time="0.624" /><testcase classname="test_afromarket_api.TestWishlistFunctionality" name="test_wishlist_toggle" time="3.035" /><testcase classname="test_afromarket_api.TestOwnerDashboard" name="test_owner_dashboard_access" time="1.804" /><testcase classname="test_afromarket_api.TestOwnerDashboard" name="test_owner_stats" time="1.245" /><testcase classname="test_afromarket_api.TestOwnerDashboard" name="test_owner_vendors_list" time="0.613" /><testcase classname="test_afromarket_api.TestOwnerDashboard" name="test_owner_deliveries" time="0.632" /><testcase classname="test_afromarket_api.TestVendorStockManagement" name="test_vendor_dashboard_requires_auth" time="0.008" /><testcase classname="test_afromarket_api.TestVendorStockManagement" name="test_vendor_products_requires_auth" time="0.007" /><testcase classname="test_afromarket_api.TestChatbot" name="test_chatbot_welcome" time="0.006" /><testcase classname="test_afromarket_api.TestChatbot" name="test_chatbot_message" time="4.587" /><testcase classname="test_afromarket_api.TestProductSearch" name="test_search_products" time="0.147" /><testcase classname="test_afromarket_api.TestProductSearch" name="test_category_filter" time="0.464" /><testcase classname="test_afromarket_api.TestDeliveryService" name="test_delivery_calculate" time="0.008" /><testcase classname="test_afromarket_api.TestDeliveryService" name="test_delivery_zones" time="0.007" /><testcase classname="test_afromarket_api.TestPushNotifications" name="test_vapid_key_endpoint" time="0.006" /><testcase classname="test_afromarket_api.TestVendorNotifications" name="test_notifications_by_email" time="0.134" /></testsuite></testsuites>