<?xml version="1.0" encoding="utf-8"?><testsuites name="pytest tests"><testsuite name="pytest" errors="0" failures="1" skipped="0" tests="25" time="26.163" timestamp="2026-02-11T13:59:31.618888+00:00" hostname="agent-env-b4f39575-ef50-45f4-a856-12f58c46cf1c"><testcase classname="backend.tests.test_final_verification.TestUserLogin" name="test_user_login_success" time="0.450" /><testcase classname="backend.tests.test_final_verification.TestBrowseProducts" name="test_get_all_products" time="0.262" /><testcase classname="backend.tests.test_final_verification.TestBrowseProducts" name="test_product_has_required_fields" time="0.412" /><testcase classname="backend.tests.test_final_verification.TestCartOperations" name="test_add_product_to_cart" time="1.699" /><testcase classname="backend.tests.test_final_verification.TestCartOperations" name="test_view_cart_with_totals" time="1.235" /><testcase classname="backend.tests.test_final_verification.TestCartOperations" name="test_update_cart_quantity" time="2.029" /><testcase classname="backend.tests.test_final_verification.TestCartOperations" name="test_remove_from_cart" time="2.286" /><testcase classname="backend.tests.test_final_verification.TestWishlist" name="test_toggle_wishlist" time="1.835" /><testcase classname="backend.tests.test_final_verification.TestWishlist" name="test_get_wishlist" time="1.217" /><testcase classname="backend.tests.test_final_verification.TestForgotPassword" name="test_forgot_password_with_valid_email" time="1.531" /><testcase classname="backend.tests.test_final_verification.TestForgotPassword" name="test_forgot_password_with_invalid_email" time="0.153" /><testcase classname="backend.tests.test_final_verification.TestProfile" name="test_get_profile" time="0.629" /><testcase classname="backend.tests.test_final_verification.TestLogout" name="test_logout_by_token_removal" time="0.484" /><testcase classname="backend.tests.test_final_verification.TestOwnerLogin" name="test_owner_login_success" time="0.381" /><testcase classname="backend.tests.test_final_verification.TestOwnerDashboard" name="test_owner_dashboard_stats" time="1.748" /><testcase classname="backend.tests.test_final_verification.TestOwnerDashboard" name="test_owner_stats" time="1.257" /><testcase classname="backend.tests.test_final_verification.TestOwnerVendors" name="test_get_all_vendors" time="0.640" /><testcase classname="backend.tests.test_final_verification.TestOwnerProducts" name="test_get_all_products" time="0.646" /><testcase classname="backend.tests.test_final_verification.TestOwnerDeliveries" name="test_get_deliveries" time="0.631" /><testcase classname="backend.tests.test_final_verification.TestChatbotWelcome" name="test_chatbot_welcome" time="0.071" /><testcase classname="backend.tests.test_final_verification.TestChatbotMessage" name="test_chatbot_message" time="6.303" /><testcase classname="backend.tests.test_final_verification.TestDeliveryCalculate" name="test_delivery_calculate_london" time="0.059"><failure message="AssertionError: assert ('delivery_fee' in {'amount_to_free_delivery': 50.0, 'base_cost': 2.99, 'delivery_cost': 2.99, 'delivery_option': 'Standard Delivery', ...} or 'fee' in {'amount_to_free_delivery': 50.0, 'base_cost': 2.99, 'delivery_cost': 2.99, 'delivery_option': 'Standard Delivery', ...})">backend/tests/test_final_verification.py:342: in test_delivery_calculate_london
    assert "delivery_fee" in data or "fee" in data
E   AssertionError: assert ('delivery_fee' in {'amount_to_free_delivery': 50.0, 'base_cost': 2.99, 'delivery_cost': 2.99, 'delivery_option': 'Standard Delivery', ...} or 'fee' in {'amount_to_free_delivery': 50.0, 'base_cost': 2.99, 'delivery_cost': 2.99, 'delivery_option': 'Standard Delivery', ...})</failure></testcase><testcase classname="backend.tests.test_final_verification.TestDeliveryOptions" name="test_get_delivery_options" time="0.034" /><testcase classname="backend.tests.test_final_verification.TestCategories" name="test_get_categories" time="0.034" /><testcase classname="backend.tests.test_final_verification.TestHealthEndpoint" name="test_health_returns_healthy" time="0.033" /></testsuite></testsuites>